生成启动时间为 2017/9/6 星期三 下午 4:09:20。
     1>项目“D:\Projects\MFC_Website\MFC_learn\MFC_learn.vcxproj”在节点 2 上(Build 个目标)。
     1>ClCompile:
         C:\Program Files\Microsoft Visual Studio 14.0\VC\bin\CL.exe /c /ZI /nologo /W3 /WX- /Od /Oy- /D WIN32 /D _WINDOWS /D _DEBUG /D _UNICODE /D UNICODE /D _AFXDLL /Gm /EHsc /RTC1 /MDd /GS /fp:precise /Zc:wchar_t /Zc:forScope /Zc:inline /Yu"stdafx.h" /Fp"Debug\MFC_learn.pch" /Fo"Debug\\" /Fd"Debug\vc140.pdb" /Gd /TP /analyze- /errorReport:prompt LoginDlg.cpp
         LoginDlg.cpp
       Link:
         C:\Program Files\Microsoft Visual Studio 14.0\VC\bin\link.exe /ERRORREPORT:PROMPT /OUT:"D:\Projects\MFC_Website\Debug\MFC_learn.exe" /INCREMENTAL /NOLOGO /MANIFEST /MANIFESTUAC:"level='asInvoker' uiAccess='false'" /manifest:embed /manifestinput:"C:\Program Files\Microsoft Visual Studio 14.0\VC\Include\Manifest\dpiaware.manifest" /Debug /PDB:"D:\Projects\MFC_Website\Debug\MFC_learn.pdb" /SUBSYSTEM:WINDOWS /TLBID:1 /ENTRY:"wWinMainCRTStartup" /DYNAMICBASE /NXCOMPAT /IMPLIB:"D:\Projects\MFC_Website\Debug\MFC_learn.lib" /MACHINE:X86 Debug\MFC_learn.res
         Debug\ComboDlg.obj
         Debug\ListCtrlDlg.obj
         Debug\LoginDlg.obj
         Debug\MFC_learn.obj
         Debug\MFC_learnDlg.obj
         Debug\MyListDlg.obj
         Debug\PictureDlg.obj
         Debug\ScbarDlg.obj
         Debug\stdafx.obj
         Debug\TabDlg.obj
         Debug\TreeDlg.obj
         MFC_learn.vcxproj -> D:\Projects\MFC_Website\Debug\MFC_learn.exe
     1>已完成生成项目“D:\Projects\MFC_Website\MFC_learn\MFC_learn.vcxproj”(Build 个目标)的操作。

已成功生成。

已用时间 00:00:00.53
