生成启动时间为 2017/9/5 星期二 下午 4:31:23。
     1>项目“D:\Projects\MFC_Website\MFC_learn\MFC_learn.vcxproj”在节点 2 上(Build 个目标)。
     1>ClCompile:
         C:\Program Files\Microsoft Visual Studio 14.0\VC\bin\CL.exe /c /Zi /nologo /W3 /WX- /O2 /Oi /Oy- /GL /D WIN32 /D _WINDOWS /D NDEBUG /D _UNICODE /D UNICODE /D _AFXDLL /Gm- /EHsc /MD /GS /Gy /fp:precise /Zc:wchar_t /Zc:forScope /Zc:inline /Yc"stdafx.h" /Fp"Release\MFC_learn.pch" /Fo"Release\\" /Fd"Release\vc140.pdb" /Gd /TP /analyze- /errorReport:prompt stdafx.cpp
         stdafx.cpp
         C:\Program Files\Microsoft Visual Studio 14.0\VC\bin\CL.exe /c /Zi /nologo /W3 /WX- /O2 /Oi /Oy- /GL /D WIN32 /D _WINDOWS /D NDEBUG /D _UNICODE /D UNICODE /D _AFXDLL /Gm- /EHsc /MD /GS /Gy /fp:precise /Zc:wchar_t /Zc:forScope /Zc:inline /Yu"stdafx.h" /Fp"Release\MFC_learn.pch" /Fo"Release\\" /Fd"Release\vc140.pdb" /Gd /TP /analyze- /errorReport:prompt ComboDlg.cpp ListCtrlDlg.cpp MFC_learn.cpp MFC_learnDlg.cpp MyListDlg.cpp PictureDlg.cpp ScbarDlg.cpp TreeDlg.cpp
         ComboDlg.cpp
         ListCtrlDlg.cpp
         MFC_learn.cpp
         MFC_learnDlg.cpp
         MyListDlg.cpp
         PictureDlg.cpp
         ScbarDlg.cpp
         TreeDlg.cpp
       ResourceCompile:
         C:\Program Files\Windows Kits\8.1\bin\x86\rc.exe /D NDEBUG /D _UNICODE /D UNICODE /D _AFXDLL /l"0x0804" /IRelease\ /nologo /fo"Release\MFC_learn.res" MFC_learn.rc 
       Link:
         C:\Program Files\Microsoft Visual Studio 14.0\VC\bin\link.exe /ERRORREPORT:PROMPT /OUT:"D:\Projects\MFC_Website\Release\MFC_learn.exe" /INCREMENTAL:NO /NOLOGO /MANIFEST /MANIFESTUAC:"level='asInvoker' uiAccess='false'" /manifest:embed /manifestinput:"C:\Program Files\Microsoft Visual Studio 14.0\VC\Include\Manifest\dpiaware.manifest" /Debug /PDB:"D:\Projects\MFC_Website\Release\MFC_learn.pdb" /SUBSYSTEM:WINDOWS /OPT:REF /OPT:ICF /LTCG:incremental /TLBID:1 /ENTRY:"wWinMainCRTStartup" /DYNAMICBASE /NXCOMPAT /IMPLIB:"D:\Projects\MFC_Website\Release\MFC_learn.lib" /MACHINE:X86 /SAFESEH Release\MFC_learn.res
         Release\ComboDlg.obj
         Release\ListCtrlDlg.obj
         Release\MFC_learn.obj
         Release\MFC_learnDlg.obj
         Release\MyListDlg.obj
         Release\PictureDlg.obj
         Release\ScbarDlg.obj
         Release\stdafx.obj
         Release\TreeDlg.obj
         正在生成代码
         All 287 functions were compiled because no usable IPDB/IOBJ from previous compilation was found.
         已完成代码的生成
         MFC_learn.vcxproj -> D:\Projects\MFC_Website\Release\MFC_learn.exe
     1>已完成生成项目“D:\Projects\MFC_Website\MFC_learn\MFC_learn.vcxproj”(Build 个目标)的操作。

已成功生成。

已用时间 00:00:10.96
